Error with Permissions-Policy header: Unrecognized feature: 'browsing-topics'.
main.js:6 Steel and Sigils v0.32
phaser.min.js:1      Phaser v3.70.0 (WebGL | Web Audio)  https://phaser.io
WebRTCAdapter.js:336 [WebRTCAdapter] Setting up data channel, label: game id: 1
WebRTCAdapter.js:340 [WebRTCAdapter] Data channel opened! label: game
WebRTCAdapter.js:343 [WebRTCAdapter] Calling onConnectedCallback
WebRTCAdapter.js:361 [WebRTCAdapter] onmessage received from label: game
WebRTCAdapter.js:362 [WebRTCAdapter] data: {"type":"army","army":[{"type":"RANGER","x":0,"y":3}]}
WebRTCAdapter.js:365 [WebRTCAdapter] Parsed message type: army
PVPManager.js?v=1772525241162:141 [PVPManager] Received message: army {type: 'army', army: Array(1)}
PVPManager.js?v=1772525241162:145 [PVPManager] Army received, length: 1
WebRTCAdapter.js:382 [WebRTCAdapter] send called, isConnected: true
WebRTCAdapter.js:383 [WebRTCAdapter] dataChannel: game readyState: open
WebRTCAdapter.js:394 [WebRTCAdapter] Sending on channel game : {"type":"army_ack"}
WebRTCAdapter.js:396 [WebRTCAdapter] Data sent successfully
PVPManager.js?v=1772525241162:210 [PVPManager] Send result: true type: army_ack
PVPManager.js?v=1772525241162:155 [PVPManager] No callback set - buffering army message
WebRTCAdapter.js:361 [WebRTCAdapter] onmessage received from label: game
WebRTCAdapter.js:362 [WebRTCAdapter] data: {"type":"army","army":[{"type":"RANGER","x":0,"y":3}]}
WebRTCAdapter.js:365 [WebRTCAdapter] Parsed message type: army
PVPManager.js?v=1772525241162:141 [PVPManager] Received message: army {type: 'army', army: Array(1)}
PVPManager.js?v=1772525241162:145 [PVPManager] Army received, length: 1
WebRTCAdapter.js:382 [WebRTCAdapter] send called, isConnected: true
WebRTCAdapter.js:383 [WebRTCAdapter] dataChannel: game readyState: open
WebRTCAdapter.js:394 [WebRTCAdapter] Sending on channel game : {"type":"army_ack"}
WebRTCAdapter.js:396 [WebRTCAdapter] Data sent successfully
PVPManager.js?v=1772525241162:210 [PVPManager] Send result: true type: army_ack
PVPManager.js?v=1772525241162:155 [PVPManager] No callback set - buffering army message
WebRTCAdapter.js:361 [WebRTCAdapter] onmessage received from label: game
WebRTCAdapter.js:362 [WebRTCAdapter] data: {"type":"army","army":[{"type":"RANGER","x":0,"y":3}]}
WebRTCAdapter.js:365 [WebRTCAdapter] Parsed message type: army
PVPManager.js?v=1772525241162:141 [PVPManager] Received message: army {type: 'army', army: Array(1)}
PVPManager.js?v=1772525241162:145 [PVPManager] Army received, length: 1
WebRTCAdapter.js:382 [WebRTCAdapter] send called, isConnected: true
WebRTCAdapter.js:383 [WebRTCAdapter] dataChannel: game readyState: open
WebRTCAdapter.js:394 [WebRTCAdapter] Sending on channel game : {"type":"army_ack"}
WebRTCAdapter.js:396 [WebRTCAdapter] Data sent successfully
PVPManager.js?v=1772525241162:210 [PVPManager] Send result: true type: army_ack
PVPManager.js?v=1772525241162:155 [PVPManager] No callback set - buffering army message
WebRTCAdapter.js:361 [WebRTCAdapter] onmessage received from label: game
WebRTCAdapter.js:362 [WebRTCAdapter] data: {"type":"army","army":[{"type":"RANGER","x":0,"y":3}]}
WebRTCAdapter.js:365 [WebRTCAdapter] Parsed message type: army
PVPManager.js?v=1772525241162:141 [PVPManager] Received message: army {type: 'army', army: Array(1)}
PVPManager.js?v=1772525241162:145 [PVPManager] Army received, length: 1
WebRTCAdapter.js:382 [WebRTCAdapter] send called, isConnected: true
WebRTCAdapter.js:383 [WebRTCAdapter] dataChannel: game readyState: open
WebRTCAdapter.js:394 [WebRTCAdapter] Sending on channel game : {"type":"army_ack"}
WebRTCAdapter.js:396 [WebRTCAdapter] Data sent successfully
PVPManager.js?v=1772525241162:210 [PVPManager] Send result: true type: army_ack
PVPManager.js?v=1772525241162:155 [PVPManager] No callback set - buffering army message
WebRTCAdapter.js:361 [WebRTCAdapter] onmessage received from label: game
WebRTCAdapter.js:362 [WebRTCAdapter] data: {"type":"army","army":[{"type":"RANGER","x":0,"y":3}]}
WebRTCAdapter.js:365 [WebRTCAdapter] Parsed message type: army
PVPManager.js?v=1772525241162:141 [PVPManager] Received message: army {type: 'army', army: Array(1)}
PVPManager.js?v=1772525241162:145 [PVPManager] Army received, length: 1
WebRTCAdapter.js:382 [WebRTCAdapter] send called, isConnected: true
WebRTCAdapter.js:383 [WebRTCAdapter] dataChannel: game readyState: open
WebRTCAdapter.js:394 [WebRTCAdapter] Sending on channel game : {"type":"army_ack"}
WebRTCAdapter.js:396 [WebRTCAdapter] Data sent successfully
PVPManager.js?v=1772525241162:210 [PVPManager] Send result: true type: army_ack
PVPManager.js?v=1772525241162:155 [PVPManager] No callback set - buffering army message
WebRTCAdapter.js:361 [WebRTCAdapter] onmessage received from label: game
WebRTCAdapter.js:362 [WebRTCAdapter] data: {"type":"army","army":[{"type":"RANGER","x":0,"y":3}]}
WebRTCAdapter.js:365 [WebRTCAdapter] Parsed message type: army
PVPManager.js?v=1772525241162:141 [PVPManager] Received message: army {type: 'army', army: Array(1)}
PVPManager.js?v=1772525241162:145 [PVPManager] Army received, length: 1
WebRTCAdapter.js:382 [WebRTCAdapter] send called, isConnected: true
WebRTCAdapter.js:383 [WebRTCAdapter] dataChannel: game readyState: open
WebRTCAdapter.js:394 [WebRTCAdapter] Sending on channel game : {"type":"army_ack"}
WebRTCAdapter.js:396 [WebRTCAdapter] Data sent successfully
PVPManager.js?v=1772525241162:210 [PVPManager] Send result: true type: army_ack
PVPManager.js?v=1772525241162:155 [PVPManager] No callback set - buffering army message
SceneManager.js:1823 [PreGameScene] confirmPlacement called, placedUnits: [{…}]
SceneManager.js:1824 [PreGameScene] isPVPMode: true pvpManager: true
SceneManager.js:1827 [PreGameScene] Starting PVPMatchScene with army: [{…}]
PVPMatchScene.js?v=1772525241019:33 [PVPMatchScene] ==== CREATED ====
PVPMatchScene.js?v=1772525241019:34 [PVPMatchScene] Player: 2 isHost: false
PVPMatchScene.js?v=1772525241019:35 [PVPMatchScene] Army: [{…}]
PVPMatchScene.js?v=1772525241019:36 [PVPMatchScene] Army length: 1
PVPMatchScene.js?v=1772525241019:37 [PVPMatchScene] pvpManager.isConnected: true
PVPMatchScene.js?v=1772525241019:38 [PVPMatchScene] pvpManager.opponentArmy: [{…}]
PVPMatchScene.js?v=1772525241019:72 [PVPMatchScene] Setting up callbacks
PVPManager.js?v=1772525241162:187 [PVPManager] Processing 6 buffered messages
PVPManager.js?v=1772525241162:190 [PVPManager] Processing buffered message: army
PVPMatchScene.js?v=1772525241019:177 [PVPMatchScene] Received opponent army: [{…}]
PVPMatchScene.js?v=1772525241019:191 [PVPMatchScene] _tryStartBattle called
PVPMatchScene.js?v=1772525241019:192 [PVPMatchScene] battleStarted: false
PVPMatchScene.js?v=1772525241019:193 [PVPMatchScene] isConnected: true
PVPMatchScene.js?v=1772525241019:194 [PVPMatchScene] opponentArmy: [{…}]
PVPMatchScene.js?v=1772525241019:209 [PVPMatchScene] All conditions met - starting battle!
PVPMatchScene.js?v=1772525241019:300 [PVPMatchScene] _hideWaitingUI called
PVPMatchScene.js?v=1772525241019:302 [PVPMatchScene] Found waiting overlay: false
PVPMatchScene.js?v=1772525241019:307 [PVPMatchScene] Waiting overlay not found!
PVPMatchScene.js?v=1772525241019:310 [PVPMatchScene] Found 1 waiting-related elements
PVPMatchScene.js?v=1772525241019:311 [PVPMatchScene] Element 0 : pvp-waiting
PVPMatchScene.js?v=1772525241019:223 [PVPMatchScene] About to start PVPBattleScene (deferred)
PVPManager.js?v=1772525241162:190 [PVPManager] Processing buffered message: army
PVPMatchScene.js?v=1772525241019:177 [PVPMatchScene] Received opponent army: [{…}]
PVPMatchScene.js?v=1772525241019:182 [PVPMatchScene] Already have opponent army, ignoring duplicate
PVPManager.js?v=1772525241162:190 [PVPManager] Processing buffered message: army
PVPMatchScene.js?v=1772525241019:177 [PVPMatchScene] Received opponent army: [{…}]
PVPMatchScene.js?v=1772525241019:182 [PVPMatchScene] Already have opponent army, ignoring duplicate
PVPManager.js?v=1772525241162:190 [PVPManager] Processing buffered message: army
PVPMatchScene.js?v=1772525241019:177 [PVPMatchScene] Received opponent army: [{…}]
PVPMatchScene.js?v=1772525241019:182 [PVPMatchScene] Already have opponent army, ignoring duplicate
PVPManager.js?v=1772525241162:190 [PVPManager] Processing buffered message: army
PVPMatchScene.js?v=1772525241019:177 [PVPMatchScene] Received opponent army: [{…}]
PVPMatchScene.js?v=1772525241019:182 [PVPMatchScene] Already have opponent army, ignoring duplicate
PVPManager.js?v=1772525241162:190 [PVPManager] Processing buffered message: army
PVPMatchScene.js?v=1772525241019:177 [PVPMatchScene] Received opponent army: [{…}]
PVPMatchScene.js?v=1772525241019:182 [PVPMatchScene] Already have opponent army, ignoring duplicate
PVPMatchScene.js?v=1772525241019:248 [PVPMatchScene] _showWaitingUI called
PVPMatchScene.js?v=1772525241019:54 [PVPMatchScene] Already connected, calling _onConnected
PVPMatchScene.js?v=1772525241019:86 [PVPMatchScene] ==== _onConnected CALLED ====
PVPMatchScene.js?v=1772525241019:87 [PVPMatchScene] Player: 2
PVPMatchScene.js?v=1772525241019:88 [PVPMatchScene] isConnected: true
PVPMatchScene.js?v=1772525241019:98 [PVPMatchScene] About to call _startArmyExchange
PVPMatchScene.js?v=1772525241019:103 [PVPMatchScene] ==== STARTING ARMY EXCHANGE ====
PVPMatchScene.js?v=1772525241019:104 [PVPMatchScene] My army: [{"type":"ROGUE","x":8,"y":3}]
PVPMatchScene.js?v=1772525241019:105 [PVPMatchScene] My army length: 1
PVPMatchScene.js?v=1772525241019:106 [PVPMatchScene] Have opponent army?: true
PVPMatchScene.js?v=1772525241019:66 [PVPMatchScene] Sending army immediately on create
PVPManager.js?v=1772525241162:215 [PVPManager] sendArmy called with 1 units
WebRTCAdapter.js:382 [WebRTCAdapter] send called, isConnected: true
WebRTCAdapter.js:383 [WebRTCAdapter] dataChannel: game readyState: open
WebRTCAdapter.js:394 [WebRTCAdapter] Sending on channel game : {"type":"army","army":[{"type":"ROGUE","x":8,"y":3}]}
WebRTCAdapter.js:396 [WebRTCAdapter] Data sent successfully
PVPManager.js?v=1772525241162:210 [PVPManager] Send result: true type: army
PVPMatchScene.js?v=1772525241019:225 [PVPMatchScene] Executing deferred scene transition
PVPMatchScene.js?v=1772525241019:300 [PVPMatchScene] _hideWaitingUI called
PVPMatchScene.js?v=1772525241019:302 [PVPMatchScene] Found waiting overlay: true
PVPMatchScene.js?v=1772525241019:305 [PVPMatchScene] Waiting overlay removed
PVPMatchScene.js?v=1772525241019:236 [PVPMatchScene] PVPBattleScene.start() called successfully
PVPBattleScene.js?v=1772525241093:53 [PVPBattleScene] ==== CREATED ====
PVPBattleScene.js?v=1772525241093:54 [PVPBattleScene] Player: 2 isHost: false
PVPBattleScene.js?v=1772525241093:55 [PVPBattleScene] My army: 1 units
PVPBattleScene.js?v=1772525241093:56 [PVPBattleScene] Opponent army: 1 units
PVPBattleScene.js?v=1772525241093:122 [PVPBattleScene] Player 2 goes first (initiative: 16 vs 13 )
WebRTCAdapter.js:361 [WebRTCAdapter] onmessage received from label: game
WebRTCAdapter.js:362 [WebRTCAdapter] data: {"type":"army_ack"}
WebRTCAdapter.js:365 [WebRTCAdapter] Parsed message type: army_ack
PVPManager.js?v=1772525241162:141 [PVPManager] Received message: army_ack {type: 'army_ack'}
PVPManager.js?v=1772525241162:163 [PVPManager] Army acknowledgment received
PVPMatchScene.js?v=1772525241019:125 [PVPMatchScene] Battle already started, stopping retry
PVPBattleScene.js?v=1772525241093:241 Uncaught TypeError: this.unitManager.moveUnit is not a function
    at PVPBattleScene._tryMove (PVPBattleScene.js?v=1772525241093:241:26)
    at PVPBattleScene.moveUnit (PVPBattleScene.js?v=1772525241093:227:14)
    at GridSystem.handleTileClick (InputHandler.js:108:28)
    at initialize.<anonymous> (InputHandler.js:50:18)
    at a.emit (phaser.min.js:1:1642)
    at initialize.processDownEvents (phaser.min.js:1:470886)
    at initialize.update (phaser.min.js:1:468865)
    at initialize.updateInputPlugins (phaser.min.js:1:461466)
    at initialize.onMouseDown (phaser.min.js:1:462898)
    at HTMLCanvasElement.onMouseDown (phaser.min.js:1:515595)
_tryMove @ PVPBattleScene.js?v=1772525241093:241
moveUnit @ PVPBattleScene.js?v=1772525241093:227
handleTileClick @ InputHandler.js:108
(anonymous) @ InputHandler.js:50
a.emit @ phaser.min.js:1
processDownEvents @ phaser.min.js:1
update @ phaser.min.js:1
updateInputPlugins @ phaser.min.js:1
onMouseDown @ phaser.min.js:1
onMouseDown @ phaser.min.js:1
